# JRE version: OpenJDK Runtime Environment Temurin-17.0.8.1+1 (17.0.8.1+1) (build 17.0.8.1+1)
# Java VM: OpenJDK 64-Bit Server VM Temurin-17.0.8.1+1 (17.0.8.1+1, mixed mode, tiered, compressed oops, compressed class ptrs, parallel gc, windows-amd64)
GC Precious Log:
 CPUs: 4 total, 4 available
 Memory: 8072M
 Large Page Support: Disabled
 NUMA Support: Disabled
 Compressed Oops: Enabled (32-bit)
 Alignments: Space 512K, Generation 512K, Heap 2M
 Heap Min Capacity: 100M
 Heap Initial Capacity: 100M
 Heap Max Capacity: 1G
 Pre-touch: Disabled
 Parallel Workers: 4
Heap:
 PSYoungGen      total 19968K, used 8841K [0x00000000eab00000, 0x00000000ec780000, 0x0000000100000000)
  eden space 16896K, 34% used [0x00000000eab00000,0x00000000eb0a41b0,0x00000000ebb80000)
  from space 3072K, 99% used [0x00000000ebc00000,0x00000000ebefe488,0x00000000ebf00000)
  to   space 6144K, 0% used [0x00000000ec180000,0x00000000ec180000,0x00000000ec780000)
 ParOldGen       total 68608K, used 47542K [0x00000000c0000000, 0x00000000c4300000, 0x00000000eab00000)
  object space 68608K, 69% used [0x00000000c0000000,0x00000000c2e6db28,0x00000000c4300000)
 Metaspace       used 66382K, committed 67520K, reserved 1114112K
  class space    used 6887K, committed 7360K, reserved 1048576K
GC Heap History (20 events):
Event: 9.838 GC heap before
{Heap before GC invocations=29 (full 2):
 PSYoungGen      total 21504K, used 11142K [0x00000000eab00000, 0x00000000ec380000, 0x0000000100000000)
  eden space 20480K, 49% used [0x00000000eab00000,0x00000000eb4e3e58,0x00000000ebf00000)
  from space 1024K, 99% used [0x00000000ec100000,0x00000000ec1fdd20,0x00000000ec200000)
  to   space 2048K, 0% used [0x00000000ebf00000,0x00000000ebf00000,0x00000000ec100000)
 ParOldGen       total 68608K, used 31684K [0x00000000c0000000, 0x00000000c4300000, 0x00000000eab00000)
  object space 68608K, 46% used [0x00000000c0000000,0x00000000c1ef1340,0x00000000c4300000)
 Metaspace       used 58797K, committed 59776K, reserved 1114112K
  class space    used 6181K, committed 6592K, reserved 1048576K
}
Event: 9.842 GC heap after
{Heap after GC invocations=29 (full 2):
 PSYoungGen      total 22528K, used 1563K [0x00000000eab00000, 0x00000000ec380000, 0x0000000100000000)
  eden space 20480K, 0% used [0x00000000eab00000,0x00000000eab00000,0x00000000ebf00000)
  from space 2048K, 76% used [0x00000000ebf00000,0x00000000ec086c40,0x00000000ec100000)
  to   space 2048K, 0% used [0x00000000ec180000,0x00000000ec180000,0x00000000ec380000)
 ParOldGen       total 68608K, used 32691K [0x00000000c0000000, 0x00000000c4300000, 0x00000000eab00000)
  object space 68608K, 47% used [0x00000000c0000000,0x00000000c1fece58,0x00000000c4300000)
 Metaspace       used 58797K, committed 59776K, reserved 1114112K
  class space    used 6181K, committed 6592K, reserved 1048576K
}
Event: 9.842 GC heap before
{Heap before GC invocations=30 (full 3):
 PSYoungGen      total 22528K, used 1563K [0x00000000eab00000, 0x00000000ec380000, 0x0000000100000000)
  eden space 20480K, 0% used [0x00000000eab00000,0x00000000eab00000,0x00000000ebf00000)
  from space 2048K, 76% used [0x00000000ebf00000,0x00000000ec086c40,0x00000000ec100000)
  to   space 2048K, 0% used [0x00000000ec180000,0x00000000ec180000,0x00000000ec380000)
 ParOldGen       total 68608K, used 32691K [0x00000000c0000000, 0x00000000c4300000, 0x00000000eab00000)
  object space 68608K, 47% used [0x00000000c0000000,0x00000000c1fece58,0x00000000c4300000)
 Metaspace       used 58797K, committed 59776K, reserved 1114112K
  class space    used 6181K, committed 6592K, reserved 1048576K
}
Event: 9.953 GC heap after
{Heap after GC invocations=30 (full 3):
 PSYoungGen      total 22528K, used 0K [0x00000000eab00000, 0x00000000ec380000, 0x0000000100000000)
  eden space 20480K, 0% used [0x00000000eab00000,0x00000000eab00000,0x00000000ebf00000)
  from space 2048K, 0% used [0x00000000ebf00000,0x00000000ebf00000,0x00000000ec100000)
  to   space 2048K, 0% used [0x00000000ec180000,0x00000000ec180000,0x00000000ec380000)
 ParOldGen       total 68608K, used 31533K [0x00000000c0000000, 0x00000000c4300000, 0x00000000eab00000)
  object space 68608K, 45% used [0x00000000c0000000,0x00000000c1ecb508,0x00000000c4300000)
 Metaspace       used 58797K, committed 59776K, reserved 1114112K
  class space    used 6181K, committed 6592K, reserved 1048576K
}
Event: 10.424 GC heap before
{Heap before GC invocations=31 (full 3):
 PSYoungGen      total 22528K, used 20480K [0x00000000eab00000, 0x00000000ec380000, 0x0000000100000000)
  eden space 20480K, 100% used [0x00000000eab00000,0x00000000ebf00000,0x00000000ebf00000)
  from space 2048K, 0% used [0x00000000ebf00000,0x00000000ebf00000,0x00000000ec100000)
  to   space 2048K, 0% used [0x00000000ec180000,0x00000000ec180000,0x00000000ec380000)
 ParOldGen       total 68608K, used 31533K [0x00000000c0000000, 0x00000000c4300000, 0x00000000eab00000)
  object space 68608K, 45% used [0x00000000c0000000,0x00000000c1ecb508,0x00000000c4300000)
 Metaspace       used 60671K, committed 61696K, reserved 1114112K
  class space    used 6428K, committed 6848K, reserved 1048576K
}
Event: 10.427 GC heap after
{Heap after GC invocations=31 (full 3):
 PSYoungGen      total 22528K, used 2020K [0x00000000eab00000, 0x00000000ec400000, 0x0000000100000000)
  eden space 20480K, 0% used [0x00000000eab00000,0x00000000eab00000,0x00000000ebf00000)
  from space 2048K, 98% used [0x00000000ec180000,0x00000000ec379228,0x00000000ec380000)
  to   space 2560K, 0% used [0x00000000ebf00000,0x00000000ebf00000,0x00000000ec180000)
 ParOldGen       total 68608K, used 31549K [0x00000000c0000000, 0x00000000c4300000, 0x00000000eab00000)
  object space 68608K, 45% used [0x00000000c0000000,0x00000000c1ecf508,0x00000000c4300000)
 Metaspace       used 60671K, committed 61696K, reserved 1114112K
  class space    used 6428K, committed 6848K, reserved 1048576K
}
Event: 10.639 GC heap before
{Heap before GC invocations=32 (full 3):
 PSYoungGen      total 22528K, used 22500K [0x00000000eab00000, 0x00000000ec400000, 0x0000000100000000)
  eden space 20480K, 100% used [0x00000000eab00000,0x00000000ebf00000,0x00000000ebf00000)
  from space 2048K, 98% used [0x00000000ec180000,0x00000000ec379228,0x00000000ec380000)
  to   space 2560K, 0% used [0x00000000ebf00000,0x00000000ebf00000,0x00000000ec180000)
 ParOldGen       total 68608K, used 31549K [0x00000000c0000000, 0x00000000c4300000, 0x00000000eab00000)
  object space 68608K, 45% used [0x00000000c0000000,0x00000000c1ecf508,0x00000000c4300000)
 Metaspace       used 60940K, committed 61888K, reserved 1114112K
  class space    used 6447K, committed 6848K, reserved 1048576K
}
Event: 10.644 GC heap after
{Heap after GC invocations=32 (full 3):
 PSYoungGen      total 23040K, used 2176K [0x00000000eab00000, 0x00000000ec400000, 0x0000000100000000)
  eden space 20480K, 0% used [0x00000000eab00000,0x00000000eab00000,0x00000000ebf00000)
  from space 2560K, 85% used [0x00000000ebf00000,0x00000000ec120000,0x00000000ec180000)
  to   space 2560K, 0% used [0x00000000ec180000,0x00000000ec180000,0x00000000ec400000)
 ParOldGen       total 68608K, used 33544K [0x00000000c0000000, 0x00000000c4300000, 0x00000000eab00000)
  object space 68608K, 48% used [0x00000000c0000000,0x00000000c20c21f0,0x00000000c4300000)
 Metaspace       used 60940K, committed 61888K, reserved 1114112K
  class space    used 6447K, committed 6848K, reserved 1048576K
}
Event: 11.149 GC heap before
{Heap before GC invocations=33 (full 3):
 PSYoungGen      total 23040K, used 22564K [0x00000000eab00000, 0x00000000ec400000, 0x0000000100000000)
  eden space 20480K, 99% used [0x00000000eab00000,0x00000000ebee9358,0x00000000ebf00000)
  from space 2560K, 85% used [0x00000000ebf00000,0x00000000ec120000,0x00000000ec180000)
  to   space 2560K, 0% used [0x00000000ec180000,0x00000000ec180000,0x00000000ec400000)
 ParOldGen       total 68608K, used 33544K [0x00000000c0000000, 0x00000000c4300000, 0x00000000eab00000)
  object space 68608K, 48% used [0x00000000c0000000,0x00000000c20c21f0,0x00000000c4300000)
 Metaspace       used 62541K, committed 63552K, reserved 1114112K
  class space    used 6633K, committed 7104K, reserved 1048576K
}
Event: 11.155 GC heap after
{Heap after GC invocations=33 (full 3):
 PSYoungGen      total 22016K, used 1332K [0x00000000eab00000, 0x00000000ec300000, 0x0000000100000000)
  eden space 20480K, 0% used [0x00000000eab00000,0x00000000eab00000,0x00000000ebf00000)
  from space 1536K, 86% used [0x00000000ec180000,0x00000000ec2cd010,0x00000000ec300000)
  to   space 2048K, 0% used [0x00000000ebf00000,0x00000000ebf00000,0x00000000ec100000)
 ParOldGen       total 68608K, used 35710K [0x00000000c0000000, 0x00000000c4300000, 0x00000000eab00000)
  object space 68608K, 52% used [0x00000000c0000000,0x00000000c22dfa70,0x00000000c4300000)
 Metaspace       used 62541K, committed 63552K, reserved 1114112K
  class space    used 6633K, committed 7104K, reserved 1048576K
}
Event: 11.503 GC heap before
{Heap before GC invocations=34 (full 3):
 PSYoungGen      total 22016K, used 21812K [0x00000000eab00000, 0x00000000ec300000, 0x0000000100000000)
  eden space 20480K, 100% used [0x00000000eab00000,0x00000000ebf00000,0x00000000ebf00000)
  from space 1536K, 86% used [0x00000000ec180000,0x00000000ec2cd010,0x00000000ec300000)
  to   space 2048K, 0% used [0x00000000ebf00000,0x00000000ebf00000,0x00000000ec100000)
 ParOldGen       total 68608K, used 35710K [0x00000000c0000000, 0x00000000c4300000, 0x00000000eab00000)
  object space 68608K, 52% used [0x00000000c0000000,0x00000000c22dfa70,0x00000000c4300000)
 Metaspace       used 63989K, committed 64960K, reserved 1114112K
  class space    used 6768K, committed 7232K, reserved 1048576K
}
Event: 11.508 GC heap after
{Heap after GC invocations=34 (full 3):
 PSYoungGen      total 22528K, used 2035K [0x00000000eab00000, 0x00000000ec600000, 0x0000000100000000)
  eden space 20480K, 0% used [0x00000000eab00000,0x00000000eab00000,0x00000000ebf00000)
  from space 2048K, 99% used [0x00000000ebf00000,0x00000000ec0fcd00,0x00000000ec100000)
  to   space 3584K, 0% used [0x00000000ec280000,0x00000000ec280000,0x00000000ec600000)
 ParOldGen       total 68608K, used 36916K [0x00000000c0000000, 0x00000000c4300000, 0x00000000eab00000)
  object space 68608K, 53% used [0x00000000c0000000,0x00000000c240d090,0x00000000c4300000)
 Metaspace       used 63989K, committed 64960K, reserved 1114112K
  class space    used 6768K, committed 7232K, reserved 1048576K
}
Event: 12.199 GC heap before
{Heap before GC invocations=35 (full 3):
 PSYoungGen      total 22528K, used 22515K [0x00000000eab00000, 0x00000000ec600000, 0x0000000100000000)
  eden space 20480K, 100% used [0x00000000eab00000,0x00000000ebf00000,0x00000000ebf00000)
  from space 2048K, 99% used [0x00000000ebf00000,0x00000000ec0fcd00,0x00000000ec100000)
  to   space 3584K, 0% used [0x00000000ec280000,0x00000000ec280000,0x00000000ec600000)
 ParOldGen       total 68608K, used 36916K [0x00000000c0000000, 0x00000000c4300000, 0x00000000eab00000)
  object space 68608K, 53% used [0x00000000c0000000,0x00000000c240d090,0x00000000c4300000)
 Metaspace       used 65181K, committed 66304K, reserved 1114112K
  class space    used 6856K, committed 7360K, reserved 1048576K
}
Event: 12.206 GC heap after
{Heap after GC invocations=35 (full 3):
 PSYoungGen      total 20480K, used 3576K [0x00000000eab00000, 0x00000000ecd00000, 0x0000000100000000)
  eden space 16896K, 0% used [0x00000000eab00000,0x00000000eab00000,0x00000000ebb80000)
  from space 3584K, 99% used [0x00000000ec280000,0x00000000ec5fe200,0x00000000ec600000)
  to   space 7168K, 0% used [0x00000000ebb80000,0x00000000ebb80000,0x00000000ec280000)
 ParOldGen       total 68608K, used 39783K [0x00000000c0000000, 0x00000000c4300000, 0x00000000eab00000)
  object space 68608K, 57% used [0x00000000c0000000,0x00000000c26d9f60,0x00000000c4300000)
 Metaspace       used 65181K, committed 66304K, reserved 1114112K
  class space    used 6856K, committed 7360K, reserved 1048576K
}
Event: 12.552 GC heap before
{Heap before GC invocations=36 (full 3):
 PSYoungGen      total 20480K, used 20472K [0x00000000eab00000, 0x00000000ecd00000, 0x0000000100000000)
  eden space 16896K, 100% used [0x00000000eab00000,0x00000000ebb80000,0x00000000ebb80000)
  from space 3584K, 99% used [0x00000000ec280000,0x00000000ec5fe200,0x00000000ec600000)
  to   space 7168K, 0% used [0x00000000ebb80000,0x00000000ebb80000,0x00000000ec280000)
 ParOldGen       total 68608K, used 39783K [0x00000000c0000000, 0x00000000c4300000, 0x00000000eab00000)
  object space 68608K, 57% used [0x00000000c0000000,0x00000000c26d9f60,0x00000000c4300000)
 Metaspace       used 65692K, committed 66752K, reserved 1114112K
  class space    used 6883K, committed 7360K, reserved 1048576K
}
Event: 12.559 GC heap after
{Heap after GC invocations=36 (full 3):
 PSYoungGen      total 18944K, used 1975K [0x00000000eab00000, 0x00000000ec380000, 0x0000000100000000)
  eden space 16896K, 0% used [0x00000000eab00000,0x00000000eab00000,0x00000000ebb80000)
  from space 2048K, 96% used [0x00000000ebb80000,0x00000000ebd6def0,0x00000000ebd80000)
  to   space 4096K, 0% used [0x00000000ebf80000,0x00000000ebf80000,0x00000000ec380000)
 ParOldGen       total 68608K, used 43374K [0x00000000c0000000, 0x00000000c4300000, 0x00000000eab00000)
  object space 68608K, 63% used [0x00000000c0000000,0x00000000c2a5b968,0x00000000c4300000)
 Metaspace       used 65692K, committed 66752K, reserved 1114112K
  class space    used 6883K, committed 7360K, reserved 1048576K
}
Event: 12.901 GC heap before
{Heap before GC invocations=37 (full 3):
 PSYoungGen      total 18944K, used 18871K [0x00000000eab00000, 0x00000000ec380000, 0x0000000100000000)
  eden space 16896K, 100% used [0x00000000eab00000,0x00000000ebb80000,0x00000000ebb80000)
  from space 2048K, 96% used [0x00000000ebb80000,0x00000000ebd6def0,0x00000000ebd80000)
  to   space 4096K, 0% used [0x00000000ebf80000,0x00000000ebf80000,0x00000000ec380000)
 ParOldGen       total 68608K, used 43374K [0x00000000c0000000, 0x00000000c4300000, 0x00000000eab00000)
  object space 68608K, 63% used [0x00000000c0000000,0x00000000c2a5b968,0x00000000c4300000)
 Metaspace       used 66018K, committed 67136K, reserved 1114112K
  class space    used 6885K, committed 7360K, reserved 1048576K
}
Event: 12.907 GC heap after
{Heap after GC invocations=37 (full 3):
 PSYoungGen      total 19456K, used 2497K [0x00000000eab00000, 0x00000000ec200000, 0x0000000100000000)
  eden space 16896K, 0% used [0x00000000eab00000,0x00000000eab00000,0x00000000ebb80000)
  from space 2560K, 97% used [0x00000000ebf80000,0x00000000ec1f06a0,0x00000000ec200000)
  to   space 3072K, 0% used [0x00000000ebc00000,0x00000000ebc00000,0x00000000ebf00000)
 ParOldGen       total 68608K, used 45140K [0x00000000c0000000, 0x00000000c4300000, 0x00000000eab00000)
  object space 68608K, 65% used [0x00000000c0000000,0x00000000c2c153a8,0x00000000c4300000)
 Metaspace       used 66018K, committed 67136K, reserved 1114112K
  class space    used 6885K, committed 7360K, reserved 1048576K
}
Event: 13.244 GC heap before
{Heap before GC invocations=38 (full 3):
 PSYoungGen      total 19456K, used 19393K [0x00000000eab00000, 0x00000000ec200000, 0x0000000100000000)
  eden space 16896K, 100% used [0x00000000eab00000,0x00000000ebb80000,0x00000000ebb80000)
  from space 2560K, 97% used [0x00000000ebf80000,0x00000000ec1f06a0,0x00000000ec200000)
  to   space 3072K, 0% used [0x00000000ebc00000,0x00000000ebc00000,0x00000000ebf00000)
 ParOldGen       total 68608K, used 45140K [0x00000000c0000000, 0x00000000c4300000, 0x00000000eab00000)
  object space 68608K, 65% used [0x00000000c0000000,0x00000000c2c153a8,0x00000000c4300000)
 Metaspace       used 66311K, committed 67456K, reserved 1114112K
  class space    used 6887K, committed 7360K, reserved 1048576K
}
Event: 13.251 GC heap after
{Heap after GC invocations=38 (full 3):
 PSYoungGen      total 19968K, used 3065K [0x00000000eab00000, 0x00000000ec780000, 0x0000000100000000)
  eden space 16896K, 0% used [0x00000000eab00000,0x00000000eab00000,0x00000000ebb80000)
  from space 3072K, 99% used [0x00000000ebc00000,0x00000000ebefe488,0x00000000ebf00000)
  to   space 6144K, 0% used [0x00000000ec180000,0x00000000ec180000,0x00000000ec780000)
 ParOldGen       total 68608K, used 47542K [0x00000000c0000000, 0x00000000c4300000, 0x00000000eab00000)
  object space 68608K, 69% used [0x00000000c0000000,0x00000000c2e6db28,0x00000000c4300000)
 Metaspace       used 66311K, committed 67456K, reserved 1114112K
  class space    used 6887K, committed 7360K, reserved 1048576K
}

