# JRE version: OpenJDK Runtime Environment Temurin-17.0.8.1+1 (17.0.8.1+1) (build 17.0.8.1+1)
# Java VM: OpenJDK 64-Bit Server VM Temurin-17.0.8.1+1 (17.0.8.1+1, mixed mode, tiered, compressed oops, compressed class ptrs, parallel gc, windows-amd64)
GC Precious Log:
 CPUs: 4 total, 4 available
 Memory: 8072M
 Large Page Support: Disabled
 NUMA Support: Disabled
 Compressed Oops: Enabled (32-bit)
 Alignments: Space 512K, Generation 512K, Heap 2M
 Heap Min Capacity: 100M
 Heap Initial Capacity: 100M
 Heap Max Capacity: 1G
 Pre-touch: Disabled
 Parallel Workers: 4
Heap:
 PSYoungGen      total 3584K, used 1922K [0x00000000eab00000, 0x00000000eb000000, 0x0000000100000000)
  eden space 3072K, 50% used [0x00000000eab00000,0x00000000eac80848,0x00000000eae00000)
  from space 512K, 75% used [0x00000000eae80000,0x00000000eaee0000,0x00000000eaf00000)
  to   space 1024K, 0% used [0x00000000eaf00000,0x00000000eaf00000,0x00000000eb000000)
 ParOldGen       total 77824K, used 74630K [0x00000000c0000000, 0x00000000c4c00000, 0x00000000eab00000)
  object space 77824K, 95% used [0x00000000c0000000,0x00000000c48e1870,0x00000000c4c00000)
 Metaspace       used 86099K, committed 87360K, reserved 1179648K
  class space    used 8873K, committed 9472K, reserved 1048576K
GC Heap History (20 events):
Event: 443.370 GC heap before
{Heap before GC invocations=930 (full 26):
 PSYoungGen      total 2560K, used 2554K [0x00000000eab00000, 0x00000000eb000000, 0x0000000100000000)
  eden space 2048K, 100% used [0x00000000eab00000,0x00000000ead00000,0x00000000ead00000)
  from space 512K, 98% used [0x00000000eae80000,0x00000000eaefe870,0x00000000eaf00000)
  to   space 1536K, 0% used [0x00000000ead00000,0x00000000ead00000,0x00000000eae80000)
 ParOldGen       total 77824K, used 61926K [0x00000000c0000000, 0x00000000c4c00000, 0x00000000eab00000)
  object space 77824K, 79% used [0x00000000c0000000,0x00000000c3c798e0,0x00000000c4c00000)
 Metaspace       used 85789K, committed 87104K, reserved 1179648K
  class space    used 8838K, committed 9472K, reserved 1048576K
}
Event: 443.372 GC heap after
{Heap after GC invocations=930 (full 26):
 PSYoungGen      total 3072K, used 736K [0x00000000eab00000, 0x00000000eaf00000, 0x0000000100000000)
  eden space 2048K, 0% used [0x00000000eab00000,0x00000000eab00000,0x00000000ead00000)
  from space 1024K, 71% used [0x00000000ead00000,0x00000000eadb8000,0x00000000eae00000)
  to   space 1024K, 0% used [0x00000000eae00000,0x00000000eae00000,0x00000000eaf00000)
 ParOldGen       total 77824K, used 62421K [0x00000000c0000000, 0x00000000c4c00000, 0x00000000eab00000)
  object space 77824K, 80% used [0x00000000c0000000,0x00000000c3cf5780,0x00000000c4c00000)
 Metaspace       used 85789K, committed 87104K, reserved 1179648K
  class space    used 8838K, committed 9472K, reserved 1048576K
}
Event: 443.417 GC heap before
{Heap before GC invocations=931 (full 26):
 PSYoungGen      total 3072K, used 2784K [0x00000000eab00000, 0x00000000eaf00000, 0x0000000100000000)
  eden space 2048K, 100% used [0x00000000eab00000,0x00000000ead00000,0x00000000ead00000)
  from space 1024K, 71% used [0x00000000ead00000,0x00000000eadb8000,0x00000000eae00000)
  to   space 1024K, 0% used [0x00000000eae00000,0x00000000eae00000,0x00000000eaf00000)
 ParOldGen       total 77824K, used 62421K [0x00000000c0000000, 0x00000000c4c00000, 0x00000000eab00000)
  object space 77824K, 80% used [0x00000000c0000000,0x00000000c3cf5780,0x00000000c4c00000)
 Metaspace       used 85898K, committed 87232K, reserved 1179648K
  class space    used 8857K, committed 9472K, reserved 1048576K
}
Event: 443.420 GC heap after
{Heap after GC invocations=931 (full 26):
 PSYoungGen      total 2560K, used 1000K [0x00000000eab00000, 0x00000000eb000000, 0x0000000100000000)
  eden space 1536K, 0% used [0x00000000eab00000,0x00000000eab00000,0x00000000eac80000)
  from space 1024K, 97% used [0x00000000eae00000,0x00000000eaefa1d0,0x00000000eaf00000)
  to   space 1536K, 0% used [0x00000000eac80000,0x00000000eac80000,0x00000000eae00000)
 ParOldGen       total 77824K, used 63113K [0x00000000c0000000, 0x00000000c4c00000, 0x00000000eab00000)
  object space 77824K, 81% used [0x00000000c0000000,0x00000000c3da25c0,0x00000000c4c00000)
 Metaspace       used 85898K, committed 87232K, reserved 1179648K
  class space    used 8857K, committed 9472K, reserved 1048576K
}
Event: 443.425 GC heap before
{Heap before GC invocations=932 (full 26):
 PSYoungGen      total 2560K, used 2536K [0x00000000eab00000, 0x00000000eb000000, 0x0000000100000000)
  eden space 1536K, 100% used [0x00000000eab00000,0x00000000eac80000,0x00000000eac80000)
  from space 1024K, 97% used [0x00000000eae00000,0x00000000eaefa1d0,0x00000000eaf00000)
  to   space 1536K, 0% used [0x00000000eac80000,0x00000000eac80000,0x00000000eae00000)
 ParOldGen       total 77824K, used 63113K [0x00000000c0000000, 0x00000000c4c00000, 0x00000000eab00000)
  object space 77824K, 81% used [0x00000000c0000000,0x00000000c3da25c0,0x00000000c4c00000)
 Metaspace       used 85898K, committed 87232K, reserved 1179648K
  class space    used 8857K, committed 9472K, reserved 1048576K
}
Event: 443.428 GC heap after
{Heap after GC invocations=932 (full 26):
 PSYoungGen      total 3072K, used 1536K [0x00000000eab00000, 0x00000000eb080000, 0x0000000100000000)
  eden space 1536K, 0% used [0x00000000eab00000,0x00000000eab00000,0x00000000eac80000)
  from space 1536K, 100% used [0x00000000eac80000,0x00000000eae00000,0x00000000eae00000)
  to   space 2048K, 0% used [0x00000000eae80000,0x00000000eae80000,0x00000000eb080000)
 ParOldGen       total 77824K, used 64071K [0x00000000c0000000, 0x00000000c4c00000, 0x00000000eab00000)
  object space 77824K, 82% used [0x00000000c0000000,0x00000000c3e91c20,0x00000000c4c00000)
 Metaspace       used 85898K, committed 87232K, reserved 1179648K
  class space    used 8857K, committed 9472K, reserved 1048576K
}
Event: 443.434 GC heap before
{Heap before GC invocations=933 (full 26):
 PSYoungGen      total 3072K, used 3072K [0x00000000eab00000, 0x00000000eb080000, 0x0000000100000000)
  eden space 1536K, 100% used [0x00000000eab00000,0x00000000eac80000,0x00000000eac80000)
  from space 1536K, 100% used [0x00000000eac80000,0x00000000eae00000,0x00000000eae00000)
  to   space 2048K, 0% used [0x00000000eae80000,0x00000000eae80000,0x00000000eb080000)
 ParOldGen       total 77824K, used 64071K [0x00000000c0000000, 0x00000000c4c00000, 0x00000000eab00000)
  object space 77824K, 82% used [0x00000000c0000000,0x00000000c3e91c20,0x00000000c4c00000)
 Metaspace       used 85900K, committed 87232K, reserved 1179648K
  class space    used 8857K, committed 9472K, reserved 1048576K
}
Event: 443.439 GC heap after
{Heap after GC invocations=933 (full 26):
 PSYoungGen      total 3584K, used 1567K [0x00000000eab00000, 0x00000000eb100000, 0x0000000100000000)
  eden space 1536K, 0% used [0x00000000eab00000,0x00000000eab00000,0x00000000eac80000)
  from space 2048K, 76% used [0x00000000eae80000,0x00000000eb007c50,0x00000000eb080000)
  to   space 2048K, 0% used [0x00000000eac80000,0x00000000eac80000,0x00000000eae80000)
 ParOldGen       total 77824K, used 65599K [0x00000000c0000000, 0x00000000c4c00000, 0x00000000eab00000)
  object space 77824K, 84% used [0x00000000c0000000,0x00000000c400fc20,0x00000000c4c00000)
 Metaspace       used 85900K, committed 87232K, reserved 1179648K
  class space    used 8857K, committed 9472K, reserved 1048576K
}
Event: 443.445 GC heap before
{Heap before GC invocations=934 (full 26):
 PSYoungGen      total 3584K, used 3103K [0x00000000eab00000, 0x00000000eb100000, 0x0000000100000000)
  eden space 1536K, 100% used [0x00000000eab00000,0x00000000eac80000,0x00000000eac80000)
  from space 2048K, 76% used [0x00000000eae80000,0x00000000eb007c50,0x00000000eb080000)
  to   space 2048K, 0% used [0x00000000eac80000,0x00000000eac80000,0x00000000eae80000)
 ParOldGen       total 77824K, used 65599K [0x00000000c0000000, 0x00000000c4c00000, 0x00000000eab00000)
  object space 77824K, 84% used [0x00000000c0000000,0x00000000c400fc20,0x00000000c4c00000)
 Metaspace       used 85900K, committed 87232K, reserved 1179648K
  class space    used 8857K, committed 9472K, reserved 1048576K
}
Event: 443.448 GC heap after
{Heap after GC invocations=934 (full 26):
 PSYoungGen      total 3584K, used 1536K [0x00000000eab00000, 0x00000000eb100000, 0x0000000100000000)
  eden space 1536K, 0% used [0x00000000eab00000,0x00000000eab00000,0x00000000eac80000)
  from space 2048K, 75% used [0x00000000eac80000,0x00000000eae00000,0x00000000eae80000)
  to   space 2048K, 0% used [0x00000000eaf00000,0x00000000eaf00000,0x00000000eb100000)
 ParOldGen       total 77824K, used 67126K [0x00000000c0000000, 0x00000000c4c00000, 0x00000000eab00000)
  object space 77824K, 86% used [0x00000000c0000000,0x00000000c418d870,0x00000000c4c00000)
 Metaspace       used 85900K, committed 87232K, reserved 1179648K
  class space    used 8857K, committed 9472K, reserved 1048576K
}
Event: 443.457 GC heap before
{Heap before GC invocations=935 (full 26):
 PSYoungGen      total 3584K, used 3072K [0x00000000eab00000, 0x00000000eb100000, 0x0000000100000000)
  eden space 1536K, 100% used [0x00000000eab00000,0x00000000eac80000,0x00000000eac80000)
  from space 2048K, 75% used [0x00000000eac80000,0x00000000eae00000,0x00000000eae80000)
  to   space 2048K, 0% used [0x00000000eaf00000,0x00000000eaf00000,0x00000000eb100000)
 ParOldGen       total 77824K, used 67126K [0x00000000c0000000, 0x00000000c4c00000, 0x00000000eab00000)
  object space 77824K, 86% used [0x00000000c0000000,0x00000000c418d870,0x00000000c4c00000)
 Metaspace       used 85900K, committed 87232K, reserved 1179648K
  class space    used 8857K, committed 9472K, reserved 1048576K
}
Event: 443.461 GC heap after
{Heap after GC invocations=935 (full 26):
 PSYoungGen      total 4096K, used 1568K [0x00000000eab00000, 0x00000000eb100000, 0x0000000100000000)
  eden space 2048K, 0% used [0x00000000eab00000,0x00000000eab00000,0x00000000ead00000)
  from space 2048K, 76% used [0x00000000eaf00000,0x00000000eb088000,0x00000000eb100000)
  to   space 2048K, 0% used [0x00000000ead00000,0x00000000ead00000,0x00000000eaf00000)
 ParOldGen       total 77824K, used 68662K [0x00000000c0000000, 0x00000000c4c00000, 0x00000000eab00000)
  object space 77824K, 88% used [0x00000000c0000000,0x00000000c430d870,0x00000000c4c00000)
 Metaspace       used 85900K, committed 87232K, reserved 1179648K
  class space    used 8857K, committed 9472K, reserved 1048576K
}
Event: 443.485 GC heap before
{Heap before GC invocations=936 (full 26):
 PSYoungGen      total 4096K, used 3615K [0x00000000eab00000, 0x00000000eb100000, 0x0000000100000000)
  eden space 2048K, 99% used [0x00000000eab00000,0x00000000eacfffe0,0x00000000ead00000)
  from space 2048K, 76% used [0x00000000eaf00000,0x00000000eb088000,0x00000000eb100000)
  to   space 2048K, 0% used [0x00000000ead00000,0x00000000ead00000,0x00000000eaf00000)
 ParOldGen       total 77824K, used 68662K [0x00000000c0000000, 0x00000000c4c00000, 0x00000000eab00000)
  object space 77824K, 88% used [0x00000000c0000000,0x00000000c430d870,0x00000000c4c00000)
 Metaspace       used 85900K, committed 87232K, reserved 1179648K
  class space    used 8857K, committed 9472K, reserved 1048576K
}
Event: 443.488 GC heap after
{Heap after GC invocations=936 (full 26):
 PSYoungGen      total 4096K, used 1888K [0x00000000eab00000, 0x00000000eb180000, 0x0000000100000000)
  eden space 2048K, 0% used [0x00000000eab00000,0x00000000eab00000,0x00000000ead00000)
  from space 2048K, 92% used [0x00000000ead00000,0x00000000eaed8000,0x00000000eaf00000)
  to   space 2048K, 0% used [0x00000000eaf80000,0x00000000eaf80000,0x00000000eb180000)
 ParOldGen       total 77824K, used 70198K [0x00000000c0000000, 0x00000000c4c00000, 0x00000000eab00000)
  object space 77824K, 90% used [0x00000000c0000000,0x00000000c448d870,0x00000000c4c00000)
 Metaspace       used 85900K, committed 87232K, reserved 1179648K
  class space    used 8857K, committed 9472K, reserved 1048576K
}
Event: 443.506 GC heap before
{Heap before GC invocations=937 (full 26):
 PSYoungGen      total 4096K, used 3936K [0x00000000eab00000, 0x00000000eb180000, 0x0000000100000000)
  eden space 2048K, 100% used [0x00000000eab00000,0x00000000ead00000,0x00000000ead00000)
  from space 2048K, 92% used [0x00000000ead00000,0x00000000eaed8000,0x00000000eaf00000)
  to   space 2048K, 0% used [0x00000000eaf80000,0x00000000eaf80000,0x00000000eb180000)
 ParOldGen       total 77824K, used 70198K [0x00000000c0000000, 0x00000000c4c00000, 0x00000000eab00000)
  object space 77824K, 90% used [0x00000000c0000000,0x00000000c448d870,0x00000000c4c00000)
 Metaspace       used 85901K, committed 87232K, reserved 1179648K
  class space    used 8857K, committed 9472K, reserved 1048576K
}
Event: 443.509 GC heap after
{Heap after GC invocations=937 (full 26):
 PSYoungGen      total 4096K, used 1184K [0x00000000eab00000, 0x00000000eb100000, 0x0000000100000000)
  eden space 2560K, 0% used [0x00000000eab00000,0x00000000eab00000,0x00000000ead80000)
  from space 1536K, 77% used [0x00000000eaf80000,0x00000000eb0a8000,0x00000000eb100000)
  to   space 1536K, 0% used [0x00000000eae00000,0x00000000eae00000,0x00000000eaf80000)
 ParOldGen       total 77824K, used 72030K [0x00000000c0000000, 0x00000000c4c00000, 0x00000000eab00000)
  object space 77824K, 92% used [0x00000000c0000000,0x00000000c4657870,0x00000000c4c00000)
 Metaspace       used 85901K, committed 87232K, reserved 1179648K
  class space    used 8857K, committed 9472K, reserved 1048576K
}
Event: 443.521 GC heap before
{Heap before GC invocations=938 (full 26):
 PSYoungGen      total 4096K, used 3744K [0x00000000eab00000, 0x00000000eb100000, 0x0000000100000000)
  eden space 2560K, 100% used [0x00000000eab00000,0x00000000ead80000,0x00000000ead80000)
  from space 1536K, 77% used [0x00000000eaf80000,0x00000000eb0a8000,0x00000000eb100000)
  to   space 1536K, 0% used [0x00000000eae00000,0x00000000eae00000,0x00000000eaf80000)
 ParOldGen       total 77824K, used 72030K [0x00000000c0000000, 0x00000000c4c00000, 0x00000000eab00000)
  object space 77824K, 92% used [0x00000000c0000000,0x00000000c4657870,0x00000000c4c00000)
 Metaspace       used 85906K, committed 87232K, reserved 1179648K
  class space    used 8857K, committed 9472K, reserved 1048576K
}
Event: 443.523 GC heap after
{Heap after GC invocations=938 (full 26):
 PSYoungGen      total 4608K, used 864K [0x00000000eab00000, 0x00000000eb100000, 0x0000000100000000)
  eden space 3072K, 0% used [0x00000000eab00000,0x00000000eab00000,0x00000000eae00000)
  from space 1536K, 56% used [0x00000000eae00000,0x00000000eaed8000,0x00000000eaf80000)
  to   space 1536K, 0% used [0x00000000eaf80000,0x00000000eaf80000,0x00000000eb100000)
 ParOldGen       total 77824K, used 73118K [0x00000000c0000000, 0x00000000c4c00000, 0x00000000eab00000)
  object space 77824K, 93% used [0x00000000c0000000,0x00000000c4767870,0x00000000c4c00000)
 Metaspace       used 85906K, committed 87232K, reserved 1179648K
  class space    used 8857K, committed 9472K, reserved 1048576K
}
Event: 443.811 GC heap before
{Heap before GC invocations=939 (full 26):
 PSYoungGen      total 4608K, used 3936K [0x00000000eab00000, 0x00000000eb100000, 0x0000000100000000)
  eden space 3072K, 100% used [0x00000000eab00000,0x00000000eae00000,0x00000000eae00000)
  from space 1536K, 56% used [0x00000000eae00000,0x00000000eaed8000,0x00000000eaf80000)
  to   space 1536K, 0% used [0x00000000eaf80000,0x00000000eaf80000,0x00000000eb100000)
 ParOldGen       total 77824K, used 73118K [0x00000000c0000000, 0x00000000c4c00000, 0x00000000eab00000)
  object space 77824K, 93% used [0x00000000c0000000,0x00000000c4767870,0x00000000c4c00000)
 Metaspace       used 85982K, committed 87232K, reserved 1179648K
  class space    used 8857K, committed 9472K, reserved 1048576K
}
Event: 443.814 GC heap after
{Heap after GC invocations=939 (full 26):
 PSYoungGen      total 4096K, used 800K [0x00000000eab00000, 0x00000000eb080000, 0x0000000100000000)
  eden space 3072K, 0% used [0x00000000eab00000,0x00000000eab00000,0x00000000eae00000)
  from space 1024K, 78% used [0x00000000eaf80000,0x00000000eb048000,0x00000000eb080000)
  to   space 1024K, 0% used [0x00000000eae80000,0x00000000eae80000,0x00000000eaf80000)
 ParOldGen       total 77824K, used 73934K [0x00000000c0000000, 0x00000000c4c00000, 0x00000000eab00000)
  object space 77824K, 95% used [0x00000000c0000000,0x00000000c4833870,0x00000000c4c00000)
 Metaspace       used 85982K, committed 87232K, reserved 1179648K
  class space    used 8857K, committed 9472K, reserved 1048576K
}

