# JRE version: OpenJDK Runtime Environment Temurin-17.0.8.1+1 (17.0.8.1+1) (build 17.0.8.1+1)
# Java VM: OpenJDK 64-Bit Server VM Temurin-17.0.8.1+1 (17.0.8.1+1, mixed mode, tiered, compressed oops, compressed class ptrs, parallel gc, windows-amd64)
GC Precious Log:
 CPUs: 4 total, 4 available
 Memory: 8072M
 Large Page Support: Disabled
 NUMA Support: Disabled
 Compressed Oops: Enabled (32-bit)
 Alignments: Space 512K, Generation 512K, Heap 2M
 Heap Min Capacity: 100M
 Heap Initial Capacity: 100M
 Heap Max Capacity: 1G
 Pre-touch: Disabled
 Parallel Workers: 4
Heap:
 PSYoungGen      total 3072K, used 3072K [0x00000000eab00000, 0x00000000eb000000, 0x0000000100000000)
  eden space 2560K, 100% used [0x00000000eab00000,0x00000000ead80000,0x00000000ead80000)
  from space 512K, 100% used [0x00000000ead80000,0x00000000eae00000,0x00000000eae00000)
  to   space 1024K, 18% used [0x00000000eaf00000,0x00000000eaf30000,0x00000000eb000000)
 ParOldGen       total 118272K, used 90405K [0x00000000c0000000, 0x00000000c7380000, 0x00000000eab00000)
  object space 118272K, 76% used [0x00000000c0000000,0x00000000c58496c0,0x00000000c7380000)
 Metaspace       used 94453K, committed 95680K, reserved 1179648K
  class space    used 9594K, committed 10112K, reserved 1048576K
GC Heap History (20 events):
Event: 26606.387 GC heap after
{Heap after GC invocations=5727 (full 87):
 PSYoungGen      total 2048K, used 96K [0x00000000eab00000, 0x00000000eae00000, 0x0000000100000000)
  eden space 1536K, 0% used [0x00000000eab00000,0x00000000eab00000,0x00000000eac80000)
  from space 512K, 18% used [0x00000000ead80000,0x00000000ead98000,0x00000000eae00000)
  to   space 512K, 0% used [0x00000000ead00000,0x00000000ead00000,0x00000000ead80000)
 ParOldGen       total 118272K, used 89053K [0x00000000c0000000, 0x00000000c7380000, 0x00000000eab00000)
  object space 118272K, 75% used [0x00000000c0000000,0x00000000c56f76e0,0x00000000c7380000)
 Metaspace       used 94453K, committed 95680K, reserved 1179648K
  class space    used 9594K, committed 10112K, reserved 1048576K
}
Event: 26606.395 GC heap before
{Heap before GC invocations=5728 (full 87):
 PSYoungGen      total 2048K, used 1632K [0x00000000eab00000, 0x00000000eae00000, 0x0000000100000000)
  eden space 1536K, 100% used [0x00000000eab00000,0x00000000eac80000,0x00000000eac80000)
  from space 512K, 18% used [0x00000000ead80000,0x00000000ead98000,0x00000000eae00000)
  to   space 512K, 0% used [0x00000000ead00000,0x00000000ead00000,0x00000000ead80000)
 ParOldGen       total 118272K, used 89053K [0x00000000c0000000, 0x00000000c7380000, 0x00000000eab00000)
  object space 118272K, 75% used [0x00000000c0000000,0x00000000c56f76e0,0x00000000c7380000)
 Metaspace       used 94453K, committed 95680K, reserved 1179648K
  class space    used 9594K, committed 10112K, reserved 1048576K
}
Event: 26606.395 GC heap after
{Heap after GC invocations=5728 (full 87):
 PSYoungGen      total 2048K, used 128K [0x00000000eab00000, 0x00000000eae00000, 0x0000000100000000)
  eden space 1536K, 0% used [0x00000000eab00000,0x00000000eab00000,0x00000000eac80000)
  from space 512K, 25% used [0x00000000ead00000,0x00000000ead20000,0x00000000ead80000)
  to   space 512K, 0% used [0x00000000ead80000,0x00000000ead80000,0x00000000eae00000)
 ParOldGen       total 118272K, used 89077K [0x00000000c0000000, 0x00000000c7380000, 0x00000000eab00000)
  object space 118272K, 75% used [0x00000000c0000000,0x00000000c56fd6e0,0x00000000c7380000)
 Metaspace       used 94453K, committed 95680K, reserved 1179648K
  class space    used 9594K, committed 10112K, reserved 1048576K
}
Event: 26606.402 GC heap before
{Heap before GC invocations=5729 (full 87):
 PSYoungGen      total 2048K, used 1664K [0x00000000eab00000, 0x00000000eae00000, 0x0000000100000000)
  eden space 1536K, 100% used [0x00000000eab00000,0x00000000eac80000,0x00000000eac80000)
  from space 512K, 25% used [0x00000000ead00000,0x00000000ead20000,0x00000000ead80000)
  to   space 512K, 0% used [0x00000000ead80000,0x00000000ead80000,0x00000000eae00000)
 ParOldGen       total 118272K, used 89077K [0x00000000c0000000, 0x00000000c7380000, 0x00000000eab00000)
  object space 118272K, 75% used [0x00000000c0000000,0x00000000c56fd6e0,0x00000000c7380000)
 Metaspace       used 94453K, committed 95680K, reserved 1179648K
  class space    used 9594K, committed 10112K, reserved 1048576K
}
Event: 26606.404 GC heap after
{Heap after GC invocations=5729 (full 87):
 PSYoungGen      total 2048K, used 128K [0x00000000eab00000, 0x00000000eae00000, 0x0000000100000000)
  eden space 1536K, 0% used [0x00000000eab00000,0x00000000eab00000,0x00000000eac80000)
  from space 512K, 25% used [0x00000000ead80000,0x00000000eada0000,0x00000000eae00000)
  to   space 512K, 0% used [0x00000000ead00000,0x00000000ead00000,0x00000000ead80000)
 ParOldGen       total 118272K, used 89093K [0x00000000c0000000, 0x00000000c7380000, 0x00000000eab00000)
  object space 118272K, 75% used [0x00000000c0000000,0x00000000c57016e0,0x00000000c7380000)
 Metaspace       used 94453K, committed 95680K, reserved 1179648K
  class space    used 9594K, committed 10112K, reserved 1048576K
}
Event: 26606.417 GC heap before
{Heap before GC invocations=5730 (full 87):
 PSYoungGen      total 2048K, used 1664K [0x00000000eab00000, 0x00000000eae00000, 0x0000000100000000)
  eden space 1536K, 100% used [0x00000000eab00000,0x00000000eac80000,0x00000000eac80000)
  from space 512K, 25% used [0x00000000ead80000,0x00000000eada0000,0x00000000eae00000)
  to   space 512K, 0% used [0x00000000ead00000,0x00000000ead00000,0x00000000ead80000)
 ParOldGen       total 118272K, used 89093K [0x00000000c0000000, 0x00000000c7380000, 0x00000000eab00000)
  object space 118272K, 75% used [0x00000000c0000000,0x00000000c57016e0,0x00000000c7380000)
 Metaspace       used 94453K, committed 95680K, reserved 1179648K
  class space    used 9594K, committed 10112K, reserved 1048576K
}
Event: 26606.418 GC heap after
{Heap after GC invocations=5730 (full 87):
 PSYoungGen      total 2048K, used 128K [0x00000000eab00000, 0x00000000eae00000, 0x0000000100000000)
  eden space 1536K, 0% used [0x00000000eab00000,0x00000000eab00000,0x00000000eac80000)
  from space 512K, 25% used [0x00000000ead00000,0x00000000ead20000,0x00000000ead80000)
  to   space 512K, 0% used [0x00000000ead80000,0x00000000ead80000,0x00000000eae00000)
 ParOldGen       total 118272K, used 89134K [0x00000000c0000000, 0x00000000c7380000, 0x00000000eab00000)
  object space 118272K, 75% used [0x00000000c0000000,0x00000000c570b9e8,0x00000000c7380000)
 Metaspace       used 94453K, committed 95680K, reserved 1179648K
  class space    used 9594K, committed 10112K, reserved 1048576K
}
Event: 26606.429 GC heap before
{Heap before GC invocations=5731 (full 87):
 PSYoungGen      total 2048K, used 1664K [0x00000000eab00000, 0x00000000eae00000, 0x0000000100000000)
  eden space 1536K, 100% used [0x00000000eab00000,0x00000000eac80000,0x00000000eac80000)
  from space 512K, 25% used [0x00000000ead00000,0x00000000ead20000,0x00000000ead80000)
  to   space 512K, 0% used [0x00000000ead80000,0x00000000ead80000,0x00000000eae00000)
 ParOldGen       total 118272K, used 89134K [0x00000000c0000000, 0x00000000c7380000, 0x00000000eab00000)
  object space 118272K, 75% used [0x00000000c0000000,0x00000000c570b9e8,0x00000000c7380000)
 Metaspace       used 94453K, committed 95680K, reserved 1179648K
  class space    used 9594K, committed 10112K, reserved 1048576K
}
Event: 26606.430 GC heap after
{Heap after GC invocations=5731 (full 87):
 PSYoungGen      total 2048K, used 128K [0x00000000eab00000, 0x00000000eae00000, 0x0000000100000000)
  eden space 1536K, 0% used [0x00000000eab00000,0x00000000eab00000,0x00000000eac80000)
  from space 512K, 25% used [0x00000000ead80000,0x00000000eada0000,0x00000000eae00000)
  to   space 512K, 0% used [0x00000000ead00000,0x00000000ead00000,0x00000000ead80000)
 ParOldGen       total 118272K, used 89191K [0x00000000c0000000, 0x00000000c7380000, 0x00000000eab00000)
  object space 118272K, 75% used [0x00000000c0000000,0x00000000c5719cf0,0x00000000c7380000)
 Metaspace       used 94453K, committed 95680K, reserved 1179648K
  class space    used 9594K, committed 10112K, reserved 1048576K
}
Event: 26606.441 GC heap before
{Heap before GC invocations=5732 (full 87):
 PSYoungGen      total 2048K, used 1664K [0x00000000eab00000, 0x00000000eae00000, 0x0000000100000000)
  eden space 1536K, 100% used [0x00000000eab00000,0x00000000eac80000,0x00000000eac80000)
  from space 512K, 25% used [0x00000000ead80000,0x00000000eada0000,0x00000000eae00000)
  to   space 512K, 0% used [0x00000000ead00000,0x00000000ead00000,0x00000000ead80000)
 ParOldGen       total 118272K, used 89191K [0x00000000c0000000, 0x00000000c7380000, 0x00000000eab00000)
  object space 118272K, 75% used [0x00000000c0000000,0x00000000c5719cf0,0x00000000c7380000)
 Metaspace       used 94453K, committed 95680K, reserved 1179648K
  class space    used 9594K, committed 10112K, reserved 1048576K
}
Event: 26606.442 GC heap after
{Heap after GC invocations=5732 (full 87):
 PSYoungGen      total 2048K, used 96K [0x00000000eab00000, 0x00000000eae00000, 0x0000000100000000)
  eden space 1536K, 0% used [0x00000000eab00000,0x00000000eab00000,0x00000000eac80000)
  from space 512K, 18% used [0x00000000ead00000,0x00000000ead18000,0x00000000ead80000)
  to   space 512K, 0% used [0x00000000ead80000,0x00000000ead80000,0x00000000eae00000)
 ParOldGen       total 118272K, used 89276K [0x00000000c0000000, 0x00000000c7380000, 0x00000000eab00000)
  object space 118272K, 75% used [0x00000000c0000000,0x00000000c572f230,0x00000000c7380000)
 Metaspace       used 94453K, committed 95680K, reserved 1179648K
  class space    used 9594K, committed 10112K, reserved 1048576K
}
Event: 26606.451 GC heap before
{Heap before GC invocations=5733 (full 87):
 PSYoungGen      total 2048K, used 1632K [0x00000000eab00000, 0x00000000eae00000, 0x0000000100000000)
  eden space 1536K, 100% used [0x00000000eab00000,0x00000000eac80000,0x00000000eac80000)
  from space 512K, 18% used [0x00000000ead00000,0x00000000ead18000,0x00000000ead80000)
  to   space 512K, 0% used [0x00000000ead80000,0x00000000ead80000,0x00000000eae00000)
 ParOldGen       total 118272K, used 89276K [0x00000000c0000000, 0x00000000c7380000, 0x00000000eab00000)
  object space 118272K, 75% used [0x00000000c0000000,0x00000000c572f230,0x00000000c7380000)
 Metaspace       used 94453K, committed 95680K, reserved 1179648K
  class space    used 9594K, committed 10112K, reserved 1048576K
}
Event: 26606.454 GC heap after
{Heap after GC invocations=5733 (full 87):
 PSYoungGen      total 2048K, used 272K [0x00000000eab00000, 0x00000000eae00000, 0x0000000100000000)
  eden space 1536K, 0% used [0x00000000eab00000,0x00000000eab00000,0x00000000eac80000)
  from space 512K, 53% used [0x00000000ead80000,0x00000000eadc4308,0x00000000eae00000)
  to   space 512K, 0% used [0x00000000ead00000,0x00000000ead00000,0x00000000ead80000)
 ParOldGen       total 118272K, used 89292K [0x00000000c0000000, 0x00000000c7380000, 0x00000000eab00000)
  object space 118272K, 75% used [0x00000000c0000000,0x00000000c5733230,0x00000000c7380000)
 Metaspace       used 94453K, committed 95680K, reserved 1179648K
  class space    used 9594K, committed 10112K, reserved 1048576K
}
Event: 26606.459 GC heap before
{Heap before GC invocations=5734 (full 87):
 PSYoungGen      total 2048K, used 1808K [0x00000000eab00000, 0x00000000eae00000, 0x0000000100000000)
  eden space 1536K, 99% used [0x00000000eab00000,0x00000000eac7fff8,0x00000000eac80000)
  from space 512K, 53% used [0x00000000ead80000,0x00000000eadc4308,0x00000000eae00000)
  to   space 512K, 0% used [0x00000000ead00000,0x00000000ead00000,0x00000000ead80000)
 ParOldGen       total 118272K, used 89292K [0x00000000c0000000, 0x00000000c7380000, 0x00000000eab00000)
  object space 118272K, 75% used [0x00000000c0000000,0x00000000c5733230,0x00000000c7380000)
 Metaspace       used 94453K, committed 95680K, reserved 1179648K
  class space    used 9594K, committed 10112K, reserved 1048576K
}
Event: 26606.462 GC heap after
{Heap after GC invocations=5734 (full 87):
 PSYoungGen      total 2560K, used 480K [0x00000000eab00000, 0x00000000eaf00000, 0x0000000100000000)
  eden space 2048K, 0% used [0x00000000eab00000,0x00000000eab00000,0x00000000ead00000)
  from space 512K, 93% used [0x00000000ead00000,0x00000000ead78000,0x00000000ead80000)
  to   space 1024K, 0% used [0x00000000eae00000,0x00000000eae00000,0x00000000eaf00000)
 ParOldGen       total 118272K, used 89355K [0x00000000c0000000, 0x00000000c7380000, 0x00000000eab00000)
  object space 118272K, 75% used [0x00000000c0000000,0x00000000c5742f78,0x00000000c7380000)
 Metaspace       used 94453K, committed 95680K, reserved 1179648K
  class space    used 9594K, committed 10112K, reserved 1048576K
}
Event: 26606.471 GC heap before
{Heap before GC invocations=5735 (full 87):
 PSYoungGen      total 2560K, used 2527K [0x00000000eab00000, 0x00000000eaf00000, 0x0000000100000000)
  eden space 2048K, 99% used [0x00000000eab00000,0x00000000eacfffe8,0x00000000ead00000)
  from space 512K, 93% used [0x00000000ead00000,0x00000000ead78000,0x00000000ead80000)
  to   space 1024K, 0% used [0x00000000eae00000,0x00000000eae00000,0x00000000eaf00000)
 ParOldGen       total 118272K, used 89355K [0x00000000c0000000, 0x00000000c7380000, 0x00000000eab00000)
  object space 118272K, 75% used [0x00000000c0000000,0x00000000c5742f78,0x00000000c7380000)
 Metaspace       used 94453K, committed 95680K, reserved 1179648K
  class space    used 9594K, committed 10112K, reserved 1048576K
}
Event: 26606.472 GC heap after
{Heap after GC invocations=5735 (full 87):
 PSYoungGen      total 3072K, used 416K [0x00000000eab00000, 0x00000000eae80000, 0x0000000100000000)
  eden space 2560K, 0% used [0x00000000eab00000,0x00000000eab00000,0x00000000ead80000)
  from space 512K, 81% used [0x00000000eae00000,0x00000000eae68000,0x00000000eae80000)
  to   space 512K, 0% used [0x00000000ead80000,0x00000000ead80000,0x00000000eae00000)
 ParOldGen       total 118272K, used 89697K [0x00000000c0000000, 0x00000000c7380000, 0x00000000eab00000)
  object space 118272K, 75% used [0x00000000c0000000,0x00000000c5798758,0x00000000c7380000)
 Metaspace       used 94453K, committed 95680K, reserved 1179648K
  class space    used 9594K, committed 10112K, reserved 1048576K
}
Event: 26606.483 GC heap before
{Heap before GC invocations=5736 (full 87):
 PSYoungGen      total 3072K, used 2976K [0x00000000eab00000, 0x00000000eae80000, 0x0000000100000000)
  eden space 2560K, 100% used [0x00000000eab00000,0x00000000ead80000,0x00000000ead80000)
  from space 512K, 81% used [0x00000000eae00000,0x00000000eae68000,0x00000000eae80000)
  to   space 512K, 0% used [0x00000000ead80000,0x00000000ead80000,0x00000000eae00000)
 ParOldGen       total 118272K, used 89697K [0x00000000c0000000, 0x00000000c7380000, 0x00000000eab00000)
  object space 118272K, 75% used [0x00000000c0000000,0x00000000c5798758,0x00000000c7380000)
 Metaspace       used 94453K, committed 95680K, reserved 1179648K
  class space    used 9594K, committed 10112K, reserved 1048576K
}
Event: 26606.484 GC heap after
{Heap after GC invocations=5736 (full 87):
 PSYoungGen      total 3072K, used 512K [0x00000000eab00000, 0x00000000eb000000, 0x0000000100000000)
  eden space 2560K, 0% used [0x00000000eab00000,0x00000000eab00000,0x00000000ead80000)
  from space 512K, 100% used [0x00000000ead80000,0x00000000eae00000,0x00000000eae00000)
  to   space 1024K, 0% used [0x00000000eaf00000,0x00000000eaf00000,0x00000000eb000000)
 ParOldGen       total 118272K, used 89983K [0x00000000c0000000, 0x00000000c7380000, 0x00000000eab00000)
  object space 118272K, 76% used [0x00000000c0000000,0x00000000c57dff00,0x00000000c7380000)
 Metaspace       used 94453K, committed 95680K, reserved 1179648K
  class space    used 9594K, committed 10112K, reserved 1048576K
}
Event: 26606.801 GC heap before
{Heap before GC invocations=5737 (full 87):
 PSYoungGen      total 3072K, used 3072K [0x00000000eab00000, 0x00000000eb000000, 0x0000000100000000)
  eden space 2560K, 100% used [0x00000000eab00000,0x00000000ead80000,0x00000000ead80000)
  from space 512K, 100% used [0x00000000ead80000,0x00000000eae00000,0x00000000eae00000)
  to   space 1024K, 0% used [0x00000000eaf00000,0x00000000eaf00000,0x00000000eb000000)
 ParOldGen       total 118272K, used 89983K [0x00000000c0000000, 0x00000000c7380000, 0x00000000eab00000)
  object space 118272K, 76% used [0x00000000c0000000,0x00000000c57dff00,0x00000000c7380000)
 Metaspace       used 94453K, committed 95680K, reserved 1179648K
  class space    used 9594K, committed 10112K, reserved 1048576K
}

